<?xml version="1.0" encoding="UTF-8"?>
<!-- Generated by org.testng.reporters.JUnitXMLReporter -->
<testsuite ignored="0" hostname="DESKTOP-S6L1062" failures="0" tests="6" name="TestRunner2" time="0.046" errors="0" timestamp="2024-04-15T12:57:39 IST">
  <testcase classname="testngpractice.demo" name="login" time="0.003"/>
  <testcase classname="testngpractice.testngcmdpromtTest" name="demo" time="0.002"/>
  <testcase classname="testngpractice.testngcmdpromtTest" name="demotest" time="0.003"/>
  <testcase classname="testngpractice.testngcmdpromtTest" name="test" time="0.002"/>
  <testcase classname="testngpractice.AnnotationTest" name="ExecuteScript" time="0.003"/>
  <testcase classname="testngpractice.AnnotationTest" name="Runtest" time="0.001"/>
</testsuite> <!-- TestRunner2 -->
