<?xml version="1.0" encoding="UTF-8"?>
<testng-results ignored="0" total="1" passed="0" failed="1" skipped="0">
  <reporter-output>
    <line>
      <![CDATA[--logged in to app]]>
    </line>
    <line>
      <![CDATA[execution starts from here]]>
    </line>
    <line>
      <![CDATA[openaccounttest>> failed]]>
    </line>
    <line>
      <![CDATA[--loggedout in to app]]>
    </line>
    <line>
      <![CDATA[--close the browser--]]>
    </line>
  </reporter-output>
  <suite started-at="2024-04-17T18:18:10 IST" name="Default suite" finished-at="2024-04-17T18:18:33 IST" duration-ms="23499">
    <groups>
    </groups>
    <test started-at="2024-04-17T18:18:10 IST" name="Default test" finished-at="2024-04-17T18:18:33 IST" duration-ms="23499">
      <class name="customer_pom.openaccountpomTest">
        <test-method is-config="true" signature="LuunchBrowser()[pri:0, instance:customer_pom.openaccountpomTest@2e6a8155]" started-at="2024-04-17T18:18:10 IST" name="LuunchBrowser" finished-at="2024-04-17T18:18:14 IST" duration-ms="3332" status="PASS">
          <reporter-output>
          </reporter-output>
        </test-method> <!-- LuunchBrowser -->
        <test-method is-config="true" signature="loginToApp()[pri:0, instance:customer_pom.openaccountpomTest@2e6a8155]" started-at="2024-04-17T18:18:14 IST" name="loginToApp" finished-at="2024-04-17T18:18:16 IST" duration-ms="2197" status="PASS">
          <reporter-output>
            <line>
              <![CDATA[--logged in to app]]>
            </line>
          </reporter-output>
        </test-method> <!-- loginToApp -->
        <test-method signature="openaccounttest()[pri:0, instance:customer_pom.openaccountpomTest@2e6a8155]" started-at="2024-04-17T18:18:16 IST" name="openaccounttest" finished-at="2024-04-17T18:18:33 IST" duration-ms="16709" status="FAIL">
          <exception class="org.openqa.selenium.NoAlertPresentException">
            <message>
              <![CDATA[no such alert
  (Session info: chrome=123.0.6312.123)
Build info: version: '4.11.0', revision: '040bc5406b'
System info: os.name: 'Windows 10', os.arch: 'amd64', os.version: '10.0', java.version: '17.0.8.1'
Driver info: org.openqa.selenium.chrome.ChromeDriver
Command: [19e89c617a76a3e459c0072c87049b43, getAlertText {}]
Capabilities {acceptInsecureCerts: false, browserName: chrome, browserVersion: 123.0.6312.123, chrome: {chromedriverVersion: 122.0.6261.128 (f18a44fedeb..., userDataDir: C:\Users\User\AppData\Local...}, fedcm:accounts: true, goog:chromeOptions: {debuggerAddress: localhost:58115}, networkConnectionEnabled: false, pageLoadStrategy: normal, platformName: windows, proxy: Proxy(), se:cdp: ws://localhost:58115/devtoo..., se:cdpVersion: 123.0.6312.123, setWindowRect: true, strictFileInteractability: false, timeouts: {implicit: 0, pageLoad: 300000, script: 30000}, unhandledPromptBehavior: dismiss and notify, webauthn:extension:credBlob: true, webauthn:extension:largeBlob: true, webauthn:extension:minPinLength: true, webauthn:extension:prf: true, webauthn:virtualAuthenticators: true}
Session ID: 19e89c617a76a3e459c0072c87049b43]]>
            </message>
            <full-stacktrace>
              <![CDATA[org.openqa.selenium.NoAlertPresentException: no such alert
  (Session info: chrome=123.0.6312.123)
Build info: version: '4.11.0', revision: '040bc5406b'
System info: os.name: 'Windows 10', os.arch: 'amd64', os.version: '10.0', java.version: '17.0.8.1'
Driver info: org.openqa.selenium.chrome.ChromeDriver
Command: [19e89c617a76a3e459c0072c87049b43, getAlertText {}]
Capabilities {acceptInsecureCerts: false, browserName: chrome, browserVersion: 123.0.6312.123, chrome: {chromedriverVersion: 122.0.6261.128 (f18a44fedeb..., userDataDir: C:\Users\User\AppData\Local...}, fedcm:accounts: true, goog:chromeOptions: {debuggerAddress: localhost:58115}, networkConnectionEnabled: false, pageLoadStrategy: normal, platformName: windows, proxy: Proxy(), se:cdp: ws://localhost:58115/devtoo..., se:cdpVersion: 123.0.6312.123, setWindowRect: true, strictFileInteractability: false, timeouts: {implicit: 0, pageLoad: 300000, script: 30000}, unhandledPromptBehavior: dismiss and notify, webauthn:extension:credBlob: true, webauthn:extension:largeBlob: true, webauthn:extension:minPinLength: true, webauthn:extension:prf: true, webauthn:virtualAuthenticators: true}
Session ID: 19e89c617a76a3e459c0072c87049b43
at java.base/jdk.internal.reflect.NativeConstructorAccessorImpl.newInstance0(Native Method)
at java.base/jdk.internal.reflect.NativeConstructorAccessorImpl.newInstance(NativeConstructorAccessorImpl.java:77)
at java.base/jdk.internal.reflect.DelegatingConstructorAccessorImpl.newInstance(DelegatingConstructorAccessorImpl.java:45)
at java.base/java.lang.reflect.Constructor.newInstanceWithCaller(Constructor.java:499)
at java.base/java.lang.reflect.Constructor.newInstance(Constructor.java:480)
at org.openqa.selenium.remote.codec.w3c.W3CHttpResponseCodec.createException(W3CHttpResponseCodec.java:200)
at org.openqa.selenium.remote.codec.w3c.W3CHttpResponseCodec.decode(W3CHttpResponseCodec.java:133)
at org.openqa.selenium.remote.codec.w3c.W3CHttpResponseCodec.decode(W3CHttpResponseCodec.java:52)
at org.openqa.selenium.remote.HttpCommandExecutor.execute(HttpCommandExecutor.java:191)
at org.openqa.selenium.remote.service.DriverCommandExecutor.invokeExecute(DriverCommandExecutor.java:196)
at org.openqa.selenium.remote.service.DriverCommandExecutor.execute(DriverCommandExecutor.java:171)
at org.openqa.selenium.remote.RemoteWebDriver.execute(RemoteWebDriver.java:518)
at org.openqa.selenium.remote.RemoteWebDriver.execute(RemoteWebDriver.java:591)
at org.openqa.selenium.remote.RemoteWebDriver.execute(RemoteWebDriver.java:595)
at org.openqa.selenium.remote.RemoteWebDriver$RemoteTargetLocator.alert(RemoteWebDriver.java:1107)
at com.generic.utilities.webdriverUtility.gettexttAlert(webdriverUtility.java:179)
at customer_pom.openaccountpomTest.openaccounttest(openaccountpomTest.java:66)
at java.base/jdk.internal.reflect.NativeMethodAccessorImpl.invoke0(Native Method)
at java.base/jdk.internal.reflect.NativeMethodAccessorImpl.invoke(NativeMethodAccessorImpl.java:77)
at java.base/jdk.internal.reflect.DelegatingMethodAccessorImpl.invoke(DelegatingMethodAccessorImpl.java:43)
at java.base/java.lang.reflect.Method.invoke(Method.java:568)
at org.testng.internal.MethodInvocationHelper.invokeMethod(MethodInvocationHelper.java:133)
at org.testng.internal.TestInvoker.invokeMethod(TestInvoker.java:598)
at org.testng.internal.TestInvoker.invokeTestMethod(TestInvoker.java:173)
at org.testng.internal.MethodRunner.runInSequence(MethodRunner.java:46)
at org.testng.internal.TestInvoker$MethodInvocationAgent.invoke(TestInvoker.java:824)
at org.testng.internal.TestInvoker.invokeTestMethods(TestInvoker.java:146)
at org.testng.internal.TestMethodWorker.invokeTestMethods(TestMethodWorker.java:146)
at org.testng.internal.TestMethodWorker.run(TestMethodWorker.java:128)
at java.base/java.util.ArrayList.forEach(ArrayList.java:1511)
at org.testng.TestRunner.privateRun(TestRunner.java:794)
at org.testng.TestRunner.run(TestRunner.java:596)
at org.testng.SuiteRunner.runTest(SuiteRunner.java:377)
at org.testng.SuiteRunner.runSequentially(SuiteRunner.java:371)
at org.testng.SuiteRunner.privateRun(SuiteRunner.java:332)
at org.testng.SuiteRunner.run(SuiteRunner.java:276)
at org.testng.SuiteRunnerWorker.runSuite(SuiteRunnerWorker.java:53)
at org.testng.SuiteRunnerWorker.run(SuiteRunnerWorker.java:96)
at org.testng.TestNG.runSuitesSequentially(TestNG.java:1212)
at org.testng.TestNG.runSuitesLocally(TestNG.java:1134)
at org.testng.TestNG.runSuites(TestNG.java:1063)
at org.testng.TestNG.run(TestNG.java:1031)
at org.testng.remote.AbstractRemoteTestNG.run(AbstractRemoteTestNG.java:115)
at org.testng.remote.RemoteTestNG.initAndRun(RemoteTestNG.java:251)
at org.testng.remote.RemoteTestNG.main(RemoteTestNG.java:77)
]]>
            </full-stacktrace>
          </exception> <!-- org.openqa.selenium.NoAlertPresentException -->
          <reporter-output>
            <line>
              <![CDATA[execution starts from here]]>
            </line>
            <line>
              <![CDATA[openaccounttest>> failed]]>
            </line>
          </reporter-output>
        </test-method> <!-- openaccounttest -->
        <test-method is-config="true" signature="logouttoapp()[pri:0, instance:customer_pom.openaccountpomTest@2e6a8155]" started-at="2024-04-17T18:18:33 IST" name="logouttoapp" finished-at="2024-04-17T18:18:33 IST" duration-ms="0" status="PASS">
          <reporter-output>
            <line>
              <![CDATA[--loggedout in to app]]>
            </line>
          </reporter-output>
        </test-method> <!-- logouttoapp -->
        <test-method is-config="true" signature="closebrowser()[pri:0, instance:customer_pom.openaccountpomTest@2e6a8155]" started-at="2024-04-17T18:18:33 IST" name="closebrowser" finished-at="2024-04-17T18:18:33 IST" duration-ms="561" status="PASS">
          <reporter-output>
            <line>
              <![CDATA[--close the browser--]]>
            </line>
          </reporter-output>
        </test-method> <!-- closebrowser -->
      </class> <!-- customer_pom.openaccountpomTest -->
    </test> <!-- Default test -->
  </suite> <!-- Default suite -->
</testng-results>
